<?xml version="1.0" encoding="UTF-8"?>
<testsuite xmlns:xsi="http://www.w3.org/2001/XMLSchema-instance" xsi:noNamespaceSchemaLocation="https://maven.apache.org/surefire/maven-surefire-plugin/xsd/surefire-test-report-3.0.xsd" version="3.0" name="org.example.visitors.ConventionClassVisitorTest" time="0.645" tests="1" errors="0" skipped="0" failures="0">
  <properties>
[...]
</properties>
  <testcase name="MustHaveAnnotationWithParametersOnClass" classname="org.example.visitors.ConventionClassVisitorTest" time="0.599">
    <system-out><![CDATA[CLASS
classes.ClassWithConventions
classes.ClassWithConventions
Lannotations/AnnotationWithParametersForClass;
]]></system-out>
  </testcase>
</testsuite>